<?xml version="1.0" encoding="UTF-8"?>
<!-- Generated by org.testng.reporters.JUnitReportReporter -->
<testsuite hostname="INLEN8520075944" failures="0" tests="1" name="Test.TestOnLocalAPI" time="1.310" errors="0" timestamp="2023-08-10T16:55:24 IST" skipped="0">
  <testcase classname="Test.TestOnLocalAPI" name="post" time="1.310"/>
</testsuite> <!-- Test.TestOnLocalAPI -->
