<?xml version="1.0" encoding="UTF-8"?>
<!-- Generated by org.testng.reporters.JUnitReportReporter -->
<testsuite hostname="INLEN8520075944" failures="0" tests="1" name="Test.GetAndPost" time="1.919" errors="0" timestamp="2023-08-10T19:42:28 IST" skipped="0">
  <testcase classname="Test.GetAndPost" name="testPost" time="1.919"/>
</testsuite> <!-- Test.GetAndPost -->
