<?xml version="1.0" encoding="UTF-8"?>
<!-- Generated by org.testng.reporters.JUnitReportReporter -->
<testsuite hostname="INLEN8520075944" failures="0" tests="2" name="Test.Demo2" time="2.716" errors="0" timestamp="2023-08-10T19:42:07 IST" skipped="0">
  <testcase classname="Test.Demo2" name="Test_1" time="1.841"/>
  <testcase classname="Test.Demo2" name="Test_2" time="0.875"/>
</testsuite> <!-- Test.Demo2 -->
