<?xml version="1.0" encoding="UTF-8"?>
<!-- Generated by org.testng.reporters.JUnitReportReporter -->
<testsuite hostname="INLEN8520075944" failures="0" tests="3" name="Test.PutPatchDelete" time="3.169" errors="0" timestamp="2023-08-10T19:42:56 IST" skipped="0">
  <testcase classname="Test.PutPatchDelete" name="testPut" time="0.470"/>
  <testcase classname="Test.PutPatchDelete" name="testDelete" time="2.008"/>
  <testcase classname="Test.PutPatchDelete" name="testPatch" time="0.691"/>
</testsuite> <!-- Test.PutPatchDelete -->
